[debug] [2023-12-25T10:26:32.711Z] ----------------------------------------------------------------------
[debug] [2023-12-25T10:26:32.713Z] Command:       /snap/node/8007/bin/node /home/identity-11/Study/Node-Crs/gym-event-manager/node_modules/.bin/firebase init --debug
[debug] [2023-12-25T10:26:32.713Z] CLI Version:   13.0.2
[debug] [2023-12-25T10:26:32.714Z] Platform:      linux
[debug] [2023-12-25T10:26:32.714Z] Node Version:  v20.10.0
[debug] [2023-12-25T10:26:32.714Z] Time:          Mon Dec 25 2023 12:26:32 GMT+0200 (Eastern European Standard Time)
[debug] [2023-12-25T10:26:32.714Z] ----------------------------------------------------------------------
[debug] 
[debug] [2023-12-25T10:26:32.720Z] > command requires scopes: ["email","openid","https://www.googleapis.com/auth/cloudplatformprojects.readonly","https://www.googleapis.com/auth/firebase","https://www.googleapis.com/auth/cloud-platform"]
[debug] [2023-12-25T10:26:32.721Z] > authorizing via signed-in user (ysherbini@identity-solutions.org)
[info] 
     ######## #### ########  ######## ########     ###     ######  ########
     ##        ##  ##     ## ##       ##     ##  ##   ##  ##       ##
     ######    ##  ########  ######   ########  #########  ######  ######
     ##        ##  ##    ##  ##       ##     ## ##     ##       ## ##
     ##       #### ##     ## ######## ########  ##     ##  ######  ########

You're about to initialize a Firebase project in this directory:

  /home/identity-11/Study/Node-Crs/gym-event-manager

[error] 
[error] Error: Must select at least one feature. Use SPACEBAR to select features, or specify a feature by running firebase init [feature_name]
[debug] [2023-12-25T10:28:43.494Z] ----------------------------------------------------------------------
[debug] [2023-12-25T10:28:43.496Z] Command:       /snap/node/8007/bin/node /home/identity-11/Study/Node-Crs/gym-event-manager/node_modules/.bin/firebase init --debug
[debug] [2023-12-25T10:28:43.496Z] CLI Version:   13.0.2
[debug] [2023-12-25T10:28:43.496Z] Platform:      linux
[debug] [2023-12-25T10:28:43.496Z] Node Version:  v20.10.0
[debug] [2023-12-25T10:28:43.497Z] Time:          Mon Dec 25 2023 12:28:43 GMT+0200 (Eastern European Standard Time)
[debug] [2023-12-25T10:28:43.497Z] ----------------------------------------------------------------------
[debug] 
[debug] [2023-12-25T10:28:43.501Z] > command requires scopes: ["email","openid","https://www.googleapis.com/auth/cloudplatformprojects.readonly","https://www.googleapis.com/auth/firebase","https://www.googleapis.com/auth/cloud-platform"]
[debug] [2023-12-25T10:28:43.502Z] > authorizing via signed-in user (ysherbini@identity-solutions.org)
[info] 
     ######## #### ########  ######## ########     ###     ######  ########
     ##        ##  ##     ## ##       ##     ##  ##   ##  ##       ##
     ######    ##  ########  ######   ########  #########  ######  ######
     ##        ##  ##    ##  ##       ##     ## ##     ##       ## ##
     ##       #### ##     ## ######## ########  ##     ##  ######  ########

You're about to initialize a Firebase project in this directory:

  /home/identity-11/Study/Node-Crs/gym-event-manager

[info] 
=== Project Setup
[info] 
[info] First, let's associate this project directory with a Firebase project.
[info] You can create multiple project aliases by running firebase use --add, 
[info] but for now we'll just set up a default project.
[info] 
[debug] [2023-12-25T10:29:18.183Z] >>> [apiv2][query] GET https://firebase.googleapis.com/v1beta1/projects pageSize=100
[debug] [2023-12-25T10:29:18.951Z] <<< [apiv2][status] GET https://firebase.googleapis.com/v1beta1/projects 200
[debug] [2023-12-25T10:29:18.952Z] <<< [apiv2][body] GET https://firebase.googleapis.com/v1beta1/projects [omitted]
[info] i  Using project gym-event-manager (gym-event-manager) 
[info] 
=== Hosting Setup
[debug] [2023-12-25T10:29:21.129Z] >>> [apiv2][query] GET https://firebase.googleapis.com/v1beta1/projects/gym-event-manager [none]
[debug] [2023-12-25T10:29:21.497Z] <<< [apiv2][status] GET https://firebase.googleapis.com/v1beta1/projects/gym-event-manager 200
[debug] [2023-12-25T10:29:21.497Z] <<< [apiv2][body] GET https://firebase.googleapis.com/v1beta1/projects/gym-event-manager {"projectId":"gym-event-manager","projectNumber":"638084402245","displayName":"gym-event-manager","name":"projects/gym-event-manager","resources":{"hostingSite":"gym-event-manager"},"state":"ACTIVE","etag":"1_8870f8dc-cb19-4370-8fdc-d78833261213"}
[info] 
[info] Your public directory is the folder (relative to your project directory) that
[info] will contain Hosting assets to be uploaded with firebase deploy. If you
[info] have a build process for your assets, use your build's output directory.
[info] 
[info] ✔  Wrote out/404.html 
[debug] [2023-12-25T10:29:34.113Z] >>> [apiv2][query] GET https://www.gstatic.com/firebasejs/releases.json [none]
[debug] [2023-12-25T10:29:34.315Z] <<< [apiv2][status] GET https://www.gstatic.com/firebasejs/releases.json 200
[debug] [2023-12-25T10:29:34.315Z] <<< [apiv2][body] GET https://www.gstatic.com/firebasejs/releases.json {"current":{"version":"10.7.1","browserURL":"https://www.gstatic.com/firebasejs/10.7.1/firebase.js","packageURL":"https://www.gstatic.com/firebasejs/10.7.1/firebase.tgz"},"live":{"version":"10.7","browserURL":"https://www.gstatic.com/firebasejs/live/10.7/firebase.js","packageURL":"https://www.gstatic.com/firebasejs/live/10.7/firebase.tgz"},"components":{"analytics":"https://www.gstatic.com/firebasejs/10.7.1/firebase-analytics.js","app":"https://www.gstatic.com/firebasejs/10.7.1/firebase-app.js","app-check":"https://www.gstatic.com/firebasejs/10.7.1/firebase-app-check.js","auth":"https://www.gstatic.com/firebasejs/10.7.1/firebase-auth.js","auth/cordova":"https://www.gstatic.com/firebasejs/10.7.1/firebase-auth/cordova.js","functions":"https://www.gstatic.com/firebasejs/10.7.1/firebase-functions.js","firestore":"https://www.gstatic.com/firebasejs/10.7.1/firebase-firestore.js","firestore/lite":"https://www.gstatic.com/firebasejs/10.7.1/firebase-firestore/lite.js","installations":"https://www.gstatic.com/firebasejs/10.7.1/firebase-installations.js","storage":"https://www.gstatic.com/firebasejs/10.7.1/firebase-storage.js","performance":"https://www.gstatic.com/firebasejs/10.7.1/firebase-performance.js","remote-config":"https://www.gstatic.com/firebasejs/10.7.1/firebase-remote-config.js","messaging":"https://www.gstatic.com/firebasejs/10.7.1/firebase-messaging.js","messaging/sw":"https://www.gstatic.com/firebasejs/10.7.1/firebase-messaging/sw.js","database":"https://www.gstatic.com/firebasejs/10.7.1/firebase-database.js","firestore.memory":"https://www.gstatic.com/firebasejs/10.7.1/firebase-firestore.memory.js"}}
[info] ✔  Wrote out/index.html 
[info] 
[info] i  Writing configuration info to firebase.json... 
[info] i  Writing project information to .firebaserc... 
[info] 
[info] ✔  Firebase initialization complete! 
